----------------------------------------
Exception occurred during processing of request from ('127.0.0.1', 64553)
Traceback (most recent call last):
  File "C:\Users\vybzd\AppData\Roaming\uv\python\cpython-3.11-windows-x86_64-none\Lib\socketserver.py", line 317, in _handle_request_noblock
    self.process_request(request, client_address)
  File "C:\Users\vybzd\AppData\Roaming\uv\python\cpython-3.11-windows-x86_64-none\Lib\socketserver.py", line 348, in process_request
    self.finish_request(request, client_address)
  File "C:\Users\vybzd\AppData\Roaming\uv\python\cpython-3.11-windows-x86_64-none\Lib\socketserver.py", line 361, in finish_request
    self.RequestHandlerClass(request, client_address, self)
  File "C:\Users\vybzd\OneDrive\Desktop\Unlimited AI coding\Scripts\auto_deliver_server.py", line 76, in __init__
    super().__init__(*args, directory=SHOP_DIR, **kwargs)
  File "C:\Users\vybzd\AppData\Roaming\uv\python\cpython-3.11-windows-x86_64-none\Lib\http\server.py", line 675, in __init__
    super().__init__(*args, **kwargs)
  File "C:\Users\vybzd\AppData\Roaming\uv\python\cpython-3.11-windows-x86_64-none\Lib\socketserver.py", line 755, in __init__
    self.handle()
  File "C:\Users\vybzd\AppData\Roaming\uv\python\cpython-3.11-windows-x86_64-none\Lib\http\server.py", line 440, in handle
    self.handle_one_request()
  File "C:\Users\vybzd\AppData\Roaming\uv\python\cpython-3.11-windows-x86_64-none\Lib\http\server.py", line 408, in handle_one_request
    self.raw_requestline = self.rfile.readline(65537)
                           ^^^^^^^^^^^^^^^^^^^^^^^^^^
  File "C:\Users\vybzd\AppData\Roaming\uv\python\cpython-3.11-windows-x86_64-none\Lib\socket.py", line 718, in readinto
    return self._sock.recv_into(b)
           ^^^^^^^^^^^^^^^^^^^^^^^
ConnectionResetError: [WinError 10054] An existing connection was forcibly closed by the remote host
----------------------------------------
